Info: CustomCategory:overview: 68 mini seconds publishing element
Info: CustomCategory:inicio: 105 mini seconds publishing element
Info: SupportingMaterial:iniciando_com_xp: 378 mini seconds publishing element
Info: CustomCategory:principais_conceitos_xp: 223 mini seconds publishing element
Info: Concept:o_que_e_xp: 178 mini seconds publishing element
Info: Concept:motivacao: 28 mini seconds publishing element
Info: Concept:desenvolvimento_agil_de_software: 33 mini seconds publishing element
Info: Concept:valores_xp: 259 mini seconds publishing element
Info: Concept:praticas_xp: 45 mini seconds publishing element
Info: Concept:direitos_xp: 61 mini seconds publishing element
Info: CustomCategory:melhores_praticas_xp: 41 mini seconds publishing element
Info: Concept:ritmo_sustentavel_xp: 72 mini seconds publishing element
Info: Concept:pequenas_liberacoes: 57 mini seconds publishing element
Info: Concept:propriedade_coletiva: 115 mini seconds publishing element
Info: Concept:planejamento_do_jogo: 35 mini seconds publishing element
Info: Concept:programacao_em_pares: 39 mini seconds publishing element
Info: Concept:refatoracao_da_programacao_xp: 45 mini seconds publishing element
Info: Concept:desenvolvimento_dirigido_por_testes: 97 mini seconds publishing element
Info: Concept:testes_de_cliente: 38 mini seconds publishing element
Info: Concept:integracao_continua: 110 mini seconds publishing element
Info: Concept:design_simples: 49 mini seconds publishing element
Info: Concept:metafora_sistema_de_nomes: 39 mini seconds publishing element
Info: Concept:padrao_de_codificacao: 173 mini seconds publishing element
Info: Concept:toda_a_equipe: 35 mini seconds publishing element
Info: CustomCategory:visao_geral_das_diretrizes: 222 mini seconds publishing element
Info: Guideline:ambiente_xp: 34 mini seconds publishing element
Info: Guideline:espaco_de_trabalho_aberto: 34 mini seconds publishing element
Info: Guideline:programacao_em_pares: 80 mini seconds publishing element
Info: Guideline:refatoracao: 84 mini seconds publishing element
Info: Guideline:desenvolvimento_dirigido_por_testes_tdd: 99 mini seconds publishing element
Info: Guideline:planejamento_do_jogo: 40 mini seconds publishing element
Info: CustomCategory:white_papers_xp: 25 mini seconds publishing element
Info: Whitepaper:diretrizes_xp_programacao_em_pares: 55 mini seconds publishing element
Info: Whitepaper:diretrizes_xp_design_teste-primeiro_e_refatoracao: 48 mini seconds publishing element
Info: Whitepaper:refatoracao: 49 mini seconds publishing element
Info: CustomCategory:equipe_xp: 21 mini seconds publishing element
Info: RoleSet:papeis_xp: 38 mini seconds publishing element
Info: Role:treinador_xp: 150 mini seconds publishing element
Info: Role:cliente_xp: 259 mini seconds publishing element
Info: Role:programador_xp: 250 mini seconds publishing element
Info: Role:administrador_de_sistemas_xp: 72 mini seconds publishing element
Info: Role:rastreador_xp: 76 mini seconds publishing element
Info: Role:testador_xp: 91 mini seconds publishing element
Info: Role:artista_musical: 99 mini seconds publishing element
Info: Role:escritor: 125 mini seconds publishing element
Info: Role:programador_xp-games: 107 mini seconds publishing element
Info: CustomCategory:papeis_e_artefatos_xp: 33 mini seconds publishing element
Info: CustomCategory:papeis_e_tarefas_xp: 31 mini seconds publishing element
Info: SupportingMaterial:organizacao_xp: 45 mini seconds publishing element
Info: SupportingMaterial:artefatos_xp: 39 mini seconds publishing element
Info: CustomCategory:roteiro_conceitual: 15 mini seconds publishing element
Info: Concept:programacao_extrema: 30 mini seconds publishing element
Info: CustomCategory:referencias: 194 mini seconds publishing element
Info: SupportingMaterial:referencias_sobre_xp_e_processo_agil: 236 mini seconds publishing element
Info: Artifact:codigo_de_producao_xp: 260 mini seconds publishing element
Info: Artifact:teste_de_unidade_xp: 279 mini seconds publishing element
Info: Task:prototipar_artwork: 86 mini seconds publishing element
Info: SupportingMaterial:equipe_cliente_xp: 52 mini seconds publishing element
Info: SupportingMaterial:equipe_desenvolvedora_xp: 105 mini seconds publishing element
Info: Task:implantar_ambiente_de_programacao: 42 mini seconds publishing element
Info: Task:escrever_codigo: 92 mini seconds publishing element
Info: Task:refatorar_codigo: 59 mini seconds publishing element
Info: Task:atualizar_plano_de_iteracao: 65 mini seconds publishing element
Info: Task:definir_plano_de_iteracao: 74 mini seconds publishing element
Info: Task:definir_plano_de_liberacao: 306 mini seconds publishing element
Info: Task:revisar_plano_de_liberacao: 276 mini seconds publishing element
Info: Task:adaptar_e_melhorar_o_processo: 45 mini seconds publishing element
Info: Task:explicar_processo: 75 mini seconds publishing element
Info: Task:manter_processo_no_rumo: 51 mini seconds publishing element
Info: Task:melhorar_habilidades_da_equipe: 39 mini seconds publishing element
Info: Task:resolver_conflitos: 50 mini seconds publishing element
Info: Task:criacao_do_gdd_game_desing_dcocumente: 71 mini seconds publishing element
Info: Task:criacao_e_disponibilizacao_de_extencoes: 30 mini seconds publishing element
Info: Task:definir_teste_de_cliente: 62 mini seconds publishing element
Info: Task:definir_visao_xp: 61 mini seconds publishing element
Info: Task:enviar_o_jogo_para_fabricacao_e_distribuicao: 29 mini seconds publishing element
Info: Task:escrever_historia_de_usuario: 75 mini seconds publishing element
Info: Task:informar_resultado_do_teste_de_cliente: 27 mini seconds publishing element
Info: Task:informar_status_do_projeto: 53 mini seconds publishing element
Info: Task:criar_sondtrack: 67 mini seconds publishing element
Info: Task:escrever_lore: 48 mini seconds publishing element
Info: Artifact:conteudo_adicional: 51 mini seconds publishing element
Info: Artifact:game_desing_documente: 70 mini seconds publishing element
Info: Artifact:historia_de_usuario_xp: 50 mini seconds publishing element
Info: Artifact:o_jogo: 50 mini seconds publishing element
Info: Artifact:plano_de_iteracao_xp: 75 mini seconds publishing element
Info: Artifact:plano_de_liberacao_xp: 73 mini seconds publishing element
Info: Artifact:visao_xp: 73 mini seconds publishing element
Info: Concept:lista_de_ideias_de_teste: 119 mini seconds publishing element
Info: Concept:qualidade_do_produto: 64 mini seconds publishing element
Info: Artifact:teste_de_cliente_xp: 37 mini seconds publishing element
Info: Task:complementacao_do_gdd: 58 mini seconds publishing element
Info: Task:definir_padrao_de_codificacao: 29 mini seconds publishing element
Info: Task:estimar_tarefa: 25 mini seconds publishing element
Info: Task:implementar_experimento: 25 mini seconds publishing element
Info: Task:integrar_o_sistema: 40 mini seconds publishing element
Info: Task:criacao_de_build: 36 mini seconds publishing element
Info: Task:prototipar_fase: 30 mini seconds publishing element
Info: Task:prototipar_mecanicas: 27 mini seconds publishing element
Info: Artifact:artwork: 34 mini seconds publishing element
Info: Artifact:construcao_xp: 35 mini seconds publishing element
Info: Artifact:padrao_de_codificacao_xp: 33 mini seconds publishing element
Info: Concept:catalogo_de_ideias_de_teste: 75 mini seconds publishing element
Info: Concept:design_teste-primeiro: 82 mini seconds publishing element
Info: Concept:testes_de_desenvolvedor: 100 mini seconds publishing element
Info: Task:acompanhar_progresso_da_iteracao: 33 mini seconds publishing element
Info: Task:acompanhar_progresso_da_liberacao: 25 mini seconds publishing element
Info: Task:automatizar_teste_de_aceitacao: 26 mini seconds publishing element
Info: Task:executar_teste_de_aceitacao: 20 mini seconds publishing element
Info: Task:implantar_ambiente_de_testes: 44 mini seconds publishing element
Info: Task:prototipar_sondtrack: 103 mini seconds publishing element
Info: Artifact:sond_track: 208 mini seconds publishing element
Info: Task:prototipar_lore: 129 mini seconds publishing element
Info: Artifact:lore: 120 mini seconds publishing element
Info: Task:criacao_de_build_prototipo: 26 mini seconds publishing element
Info: Artifact:build: 30 mini seconds publishing element
Info: Artifact:mecanica: 25 mini seconds publishing element
Info: WorkProductType:new_work_product_kind: 39 mini seconds publishing element
Info: Example:exemplos_de_catalogos_de_ideias_de_teste: 75 mini seconds publishing element
Info: Guideline:analise_de_classe_de_equivalencia: 66 mini seconds publishing element
Info: Guideline:ideias_de_teste_para_chamadas_de_metodos: 99 mini seconds publishing element
Info: Guideline:ideias_de_teste_para_graficos_de_estado_e_diagramas_de_fluxo: 66 mini seconds publishing element
Info: Guideline:ideias_de_teste_para_valores_limitrofes_e_booleanos: 123 mini seconds publishing element
Info: Discipline:arte: 211 mini seconds publishing element
Info: Artifact:prototipo_de_fase: 64 mini seconds publishing element
Info: Artifact:resumo_de_progresso: 153 mini seconds publishing element
Info: Domain:arte: 39 mini seconds publishing element
Info: Domain:programacao: 12 mini seconds publishing element
Info: Domain:gestao: 20 mini seconds publishing element
Info: Task:criacao_e_disponibilizacao_de_atualizacoes: 29 mini seconds publishing element
Info: Discipline:gestao: 12 mini seconds publishing element
Info: Discipline:programacao: 18 mini seconds publishing element
Info: Task:rastreamento_e_combate_de_bugs: 21 mini seconds publishing element
Info: : Publishing time: 0 minutes 15 seconds
